<?xml version="1.0" encoding="UTF-8"?>
<!-- Generated by org.testng.reporters.JUnitXMLReporter -->
<testsuite hostname="Lenovo" ignored="0" name="Test" tests="9" failures="2" timestamp="04 Jan 2023 13:47:26 GMT" time="0.25" errors="0">
  <testcase name="tc1" time="0.031" classname="org.t.ing.ReRunClsListener"/>
  <testcase name="tc2" time="0.0" classname="org.t.ing.ReRunClsListener">
    <skipped/>
  </testcase> <!-- tc2 -->
  <testcase name="tc2" time="0.0" classname="org.t.ing.ReRunClsListener">
    <skipped/>
  </testcase> <!-- tc2 -->
  <testcase name="tc2" time="0.0" classname="org.t.ing.ReRunClsListener">
    <skipped/>
  </testcase> <!-- tc2 -->
  <testcase name="tc2" time="0.016" classname="org.t.ing.ReRunClsListener">
    <failure type="java.lang.ArithmeticException" message="/ by zero">
      <![CDATA[java.lang.ArithmeticException: / by zero
at org.t.ing.ReRunClsListener.tc2(ReRunClsListener.java:13)
... Removed 25 stack frames]]>
    </failure>
  </testcase> <!-- tc2 -->
  <testcase name="tc3" time="0.015" classname="org.t.ing.ReRunClsListener">
    <skipped/>
  </testcase> <!-- tc3 -->
  <testcase name="tc3" time="0.0" classname="org.t.ing.ReRunClsListener">
    <skipped/>
  </testcase> <!-- tc3 -->
  <testcase name="tc3" time="0.0" classname="org.t.ing.ReRunClsListener">
    <skipped/>
  </testcase> <!-- tc3 -->
  <testcase name="tc3" time="0.016" classname="org.t.ing.ReRunClsListener">
    <failure type="java.lang.AssertionError" message="check tc3 expected [true] but found [false]">
      <![CDATA[java.lang.AssertionError: check tc3 expected [true] but found [false]
at org.t.ing.ReRunClsListener.tc3(ReRunClsListener.java:18)
... Removed 28 stack frames]]>
    </failure>
  </testcase> <!-- tc3 -->
</testsuite> <!-- Test -->
